<?xml version="1.0" encoding="UTF-8"?>
<!-- Generated by org.testng.reporters.JUnitReportReporter -->
<testsuite hostname="DESKTOP-GFU6O22" failures="0" tests="1" name="runner.RunCuCukes" time="0.084" errors="0" timestamp="2023-08-15T10:17:37 IST" skipped="0">
  <testcase classname="runner.RunCuCukes" name="runScenario" time="0.084"/>
</testsuite> <!-- runner.RunCuCukes -->
